<?xml version="1.0" encoding="UTF-8"?>
<!-- Generated by org.testng.reporters.JUnitReportReporter -->
<testsuite hostname="DESKTOP-AOC3EGS" failures="0" tests="4" name="TestNG.InvocationCounts" time="0.040" errors="0" timestamp="2023-07-07T22:54:26 IST" skipped="0">
  <testcase classname="TestNG.InvocationCounts" name="openApp" time="0.003"/>
  <testcase classname="TestNG.InvocationCounts" name="openApp" time="0.005"/>
  <testcase classname="TestNG.InvocationCounts" name="openApp" time="0.027"/>
  <testcase classname="TestNG.InvocationCounts" name="openApp" time="0.005"/>
</testsuite> <!-- TestNG.InvocationCounts -->
