<?xml version="1.0" encoding="UTF-8"?>
<!-- Generated by org.testng.reporters.JUnitReportReporter -->
<testsuite hostname="DESKTOP-AOC3EGS" failures="0" tests="4" name="TestNG.Annotationandpriority" time="13.957" errors="0" timestamp="2023-07-25T13:55:16 IST" skipped="0">
  <testcase classname="TestNG.Annotationandpriority" name="openApp" time="9.794"/>
  <testcase classname="TestNG.Annotationandpriority" name="login" time="3.759"/>
  <testcase classname="TestNG.Annotationandpriority" name="Search" time="0.017"/>
  <testcase classname="TestNG.Annotationandpriority" name="Teardown" time="0.387"/>
</testsuite> <!-- TestNG.Annotationandpriority -->
