<?xml version="1.0" encoding="UTF-8"?>
<!-- Generated by org.testng.reporters.JUnitReportReporter -->
<testsuite hostname="DESKTOP-AOC3EGS" failures="0" tests="2" name="TestNG.beforeafter" time="22.810" errors="0" timestamp="2023-07-01T14:19:16 IST" skipped="0">
  <testcase classname="TestNG.beforeafter" name="Login" time="8.019"/>
  <testcase classname="TestNG.beforeafter" name="search" time="14.791"/>
</testsuite> <!-- TestNG.beforeafter -->
