<?xml version="1.0" encoding="UTF-8"?>
<!-- Generated by org.testng.reporters.JUnitReportReporter -->
<testsuite hostname="DESKTOP-AOC3EGS" failures="0" tests="8" name="TestNG.ParallerTesting" time="33.954" errors="0" timestamp="2023-07-07T23:33:27 IST" skipped="0">
  <testcase classname="TestNG.ParallerTesting" name="OpenApp" time="12.104"/>
  <testcase classname="TestNG.ParallerTesting" name="OpenApp" time="11.349"/>
  <testcase classname="TestNG.ParallerTesting" name="login" time="6.198"/>
  <testcase classname="TestNG.ParallerTesting" name="login" time="3.777"/>
  <testcase classname="TestNG.ParallerTesting" name="Search" time="0.003"/>
  <testcase classname="TestNG.ParallerTesting" name="Search" time="0.002"/>
  <testcase classname="TestNG.ParallerTesting" name="CloseApp" time="0.277"/>
  <testcase classname="TestNG.ParallerTesting" name="CloseApp" time="0.244"/>
</testsuite> <!-- TestNG.ParallerTesting -->
