<?xml version="1.0" encoding="UTF-8"?>
<!-- Generated by org.testng.reporters.JUnitReportReporter -->
<testsuite hostname="DESKTOP-AOC3EGS" failures="0" tests="4" name="TestNG.Annotationandpriority" time="14.147" errors="0" timestamp="2023-07-25T13:57:54 IST" skipped="0">
  <testcase classname="TestNG.Annotationandpriority" name="openApp" time="9.549"/>
  <testcase classname="TestNG.Annotationandpriority" name="login" time="4.302"/>
  <testcase classname="TestNG.Annotationandpriority" name="Search" time="0.008"/>
  <testcase classname="TestNG.Annotationandpriority" name="Teardown" time="0.288"/>
</testsuite> <!-- TestNG.Annotationandpriority -->
